0 info it worked if it ends with ok
1 verbose cli [ 'C:\\Program Files\\nodejs\\node.exe',
1 verbose cli   'C:\\Program Files\\nodejs\\node_modules\\npm\\bin\\npm-cli.js',
1 verbose cli   'install',
1 verbose cli   '--save',
1 verbose cli   'bcrypt' ]
2 info using npm@2.15.8
3 info using node@v4.4.7
4 verbose install initial load of C:\Users\Kyle\Documents\github\meteorToDo\package.json
5 verbose installManyTop reading scoped package data from C:\Users\Kyle\Documents\github\meteorToDo\node_modules\meteor-node-stubs\package.json
6 verbose readDependencies loading dependencies from C:\Users\Kyle\Documents\github\meteorToDo\package.json
7 silly cache add args [ 'bcrypt', null ]
8 verbose cache add spec bcrypt
9 silly cache add parsed spec Result {
9 silly cache add   raw: 'bcrypt',
9 silly cache add   scope: null,
9 silly cache add   name: 'bcrypt',
9 silly cache add   rawSpec: '',
9 silly cache add   spec: 'latest',
9 silly cache add   type: 'tag' }
10 silly addNamed bcrypt@latest
11 verbose addNamed "latest" is being treated as a dist-tag for bcrypt
12 info addNameTag [ 'bcrypt', 'latest' ]
13 silly mapToRegistry name bcrypt
14 silly mapToRegistry using default registry
15 silly mapToRegistry registry https://registry.npmjs.org/
16 silly mapToRegistry data Result {
16 silly mapToRegistry   raw: 'bcrypt',
16 silly mapToRegistry   scope: null,
16 silly mapToRegistry   name: 'bcrypt',
16 silly mapToRegistry   rawSpec: '',
16 silly mapToRegistry   spec: 'latest',
16 silly mapToRegistry   type: 'tag' }
17 silly mapToRegistry uri https://registry.npmjs.org/bcrypt
18 verbose addNameTag registry:https://registry.npmjs.org/bcrypt not in flight; fetching
19 verbose request uri https://registry.npmjs.org/bcrypt
20 verbose request no auth needed
21 info attempt registry request try #1 at 9:00:36 PM
22 verbose request id e292463d849f1b8f
23 http request GET https://registry.npmjs.org/bcrypt
24 http 200 https://registry.npmjs.org/bcrypt
25 verbose headers { server: 'CouchDB/1.5.0 (Erlang OTP/R16B03)',
25 verbose headers   etag: '"398F192FUE7FBCG521B59OFYJ"',
25 verbose headers   'content-type': 'application/json',
25 verbose headers   'content-encoding': 'gzip',
25 verbose headers   'cache-control': 'max-age=300',
25 verbose headers   'content-length': '11880',
25 verbose headers   'accept-ranges': 'bytes',
25 verbose headers   date: 'Tue, 06 Sep 2016 03:00:31 GMT',
25 verbose headers   via: '1.1 varnish',
25 verbose headers   age: '201',
25 verbose headers   connection: 'keep-alive',
25 verbose headers   'x-served-by': 'cache-den6027-DEN',
25 verbose headers   'x-cache': 'HIT',
25 verbose headers   'x-cache-hits': '1',
25 verbose headers   'x-timer': 'S1473130831.927854,VS0,VE0',
25 verbose headers   vary: 'Accept-Encoding' }
26 silly get cb [ 200,
26 silly get   { server: 'CouchDB/1.5.0 (Erlang OTP/R16B03)',
26 silly get     etag: '"398F192FUE7FBCG521B59OFYJ"',
26 silly get     'content-type': 'application/json',
26 silly get     'content-encoding': 'gzip',
26 silly get     'cache-control': 'max-age=300',
26 silly get     'content-length': '11880',
26 silly get     'accept-ranges': 'bytes',
26 silly get     date: 'Tue, 06 Sep 2016 03:00:31 GMT',
26 silly get     via: '1.1 varnish',
26 silly get     age: '201',
26 silly get     connection: 'keep-alive',
26 silly get     'x-served-by': 'cache-den6027-DEN',
26 silly get     'x-cache': 'HIT',
26 silly get     'x-cache-hits': '1',
26 silly get     'x-timer': 'S1473130831.927854,VS0,VE0',
26 silly get     vary: 'Accept-Encoding' } ]
27 verbose get saving bcrypt to C:\Users\Kyle\AppData\Roaming\npm-cache\registry.npmjs.org\bcrypt\.cache.json
28 verbose correctMkdir C:\Users\Kyle\AppData\Roaming\npm-cache correctMkdir not in flight; initializing
29 silly addNameTag next cb for bcrypt with tag latest
30 silly addNamed bcrypt@0.8.7
31 verbose addNamed "0.8.7" is a plain semver version for bcrypt
32 silly mapToRegistry name bcrypt
33 silly mapToRegistry using default registry
34 silly mapToRegistry registry https://registry.npmjs.org/
35 silly mapToRegistry data Result {
35 silly mapToRegistry   raw: 'bcrypt',
35 silly mapToRegistry   scope: null,
35 silly mapToRegistry   name: 'bcrypt',
35 silly mapToRegistry   rawSpec: '',
35 silly mapToRegistry   spec: 'latest',
35 silly mapToRegistry   type: 'tag' }
36 silly mapToRegistry uri https://registry.npmjs.org/bcrypt
37 verbose addRemoteTarball https://registry.npmjs.org/bcrypt/-/bcrypt-0.8.7.tgz not in flight; adding
38 verbose addRemoteTarball [ 'https://registry.npmjs.org/bcrypt/-/bcrypt-0.8.7.tgz',
38 verbose addRemoteTarball   'bc3875a9afd0a7b2cd231a6a7f218a5ce156b093' ]
39 info retry fetch attempt 1 at 9:00:36 PM
40 info attempt registry request try #1 at 9:00:36 PM
41 http fetch GET https://registry.npmjs.org/bcrypt/-/bcrypt-0.8.7.tgz
42 http fetch 200 https://registry.npmjs.org/bcrypt/-/bcrypt-0.8.7.tgz
43 silly fetchAndShaCheck shasum bc3875a9afd0a7b2cd231a6a7f218a5ce156b093
44 verbose addTmpTarball C:\Users\Kyle\AppData\Local\Temp\npm-7272-b554336a\registry.npmjs.org\bcrypt\-\bcrypt-0.8.7.tgz not in flight; adding
45 verbose addTmpTarball already have metadata; skipping unpack for bcrypt@0.8.7
46 verbose correctMkdir C:\Users\Kyle\AppData\Roaming\npm-cache correctMkdir not in flight; initializing
47 silly cache afterAdd bcrypt@0.8.7
48 verbose afterAdd C:\Users\Kyle\AppData\Roaming\npm-cache\bcrypt\0.8.7\package\package.json not in flight; writing
49 verbose correctMkdir C:\Users\Kyle\AppData\Roaming\npm-cache correctMkdir not in flight; initializing
50 verbose afterAdd C:\Users\Kyle\AppData\Roaming\npm-cache\bcrypt\0.8.7\package\package.json written
51 silly install resolved [ { name: 'bcrypt',
51 silly install resolved     description: 'A bcrypt library for NodeJS.',
51 silly install resolved     keywords:
51 silly install resolved      [ 'bcrypt',
51 silly install resolved        'password',
51 silly install resolved        'auth',
51 silly install resolved        'authentication',
51 silly install resolved        'encryption',
51 silly install resolved        'crypt',
51 silly install resolved        'crypto' ],
51 silly install resolved     main: './bcrypt',
51 silly install resolved     version: '0.8.7',
51 silly install resolved     author: { name: 'Nick Campbell', url: 'https://github.com/ncb000gt' },
51 silly install resolved     engines: { node: '>= 0.6.0' },
51 silly install resolved     repository:
51 silly install resolved      { type: 'git',
51 silly install resolved        url: 'git+https://github.com/ncb000gt/node.bcrypt.js.git' },
51 silly install resolved     license: 'MIT',
51 silly install resolved     bugs: { url: 'https://github.com/ncb000gt/node.bcrypt.js/issues' },
51 silly install resolved     scripts:
51 silly install resolved      { test: 'node-gyp configure build && nodeunit test',
51 silly install resolved        install: 'node-gyp rebuild' },
51 silly install resolved     dependencies: { bindings: '1.2.1', nan: '2.3.5' },
51 silly install resolved     devDependencies: { nodeunit: '~0.9.1' },
51 silly install resolved     contributors:
51 silly install resolved      [ [Object],
51 silly install resolved        [Object],
51 silly install resolved        [Object],
51 silly install resolved        [Object],
51 silly install resolved        [Object],
51 silly install resolved        [Object],
51 silly install resolved        [Object],
51 silly install resolved        [Object],
51 silly install resolved        [Object],
51 silly install resolved        [Object],
51 silly install resolved        [Object],
51 silly install resolved        [Object],
51 silly install resolved        [Object],
51 silly install resolved        [Object] ],
51 silly install resolved     gypfile: true,
51 silly install resolved     gitHead: '0dc9b78dab6980d129b77d1df723aa44daa7deb4',
51 silly install resolved     homepage: 'https://github.com/ncb000gt/node.bcrypt.js#readme',
51 silly install resolved     _id: 'bcrypt@0.8.7',
51 silly install resolved     _shasum: 'bc3875a9afd0a7b2cd231a6a7f218a5ce156b093',
51 silly install resolved     _from: 'bcrypt@latest',
51 silly install resolved     _npmVersion: '3.8.9',
51 silly install resolved     _nodeVersion: '6.2.0',
51 silly install resolved     _npmUser: { name: 'defunctzombie', email: 'shtylman@gmail.com' },
51 silly install resolved     dist:
51 silly install resolved      { shasum: 'bc3875a9afd0a7b2cd231a6a7f218a5ce156b093',
51 silly install resolved        tarball: 'https://registry.npmjs.org/bcrypt/-/bcrypt-0.8.7.tgz' },
51 silly install resolved     maintainers: [ [Object], [Object], [Object], [Object] ],
51 silly install resolved     _npmOperationalInternal:
51 silly install resolved      { host: 'packages-12-west.internal.npmjs.com',
51 silly install resolved        tmp: 'tmp/bcrypt-0.8.7.tgz_1465526713712_0.05265477881766856' },
51 silly install resolved     directories: {},
51 silly install resolved     _resolved: 'https://registry.npmjs.org/bcrypt/-/bcrypt-0.8.7.tgz' } ]
52 info install bcrypt@0.8.7 into C:\Users\Kyle\Documents\github\meteorToDo
53 info installOne bcrypt@0.8.7
54 verbose installOne of bcrypt to C:\Users\Kyle\Documents\github\meteorToDo not in flight; installing
55 verbose correctMkdir C:\Users\Kyle\AppData\Roaming\npm-cache\_locks correctMkdir not in flight; initializing
56 verbose lock using C:\Users\Kyle\AppData\Roaming\npm-cache\_locks\bcrypt-a5c93a3a127c8151.lock for C:\Users\Kyle\Documents\github\meteorToDo\node_modules\bcrypt
57 silly install write writing bcrypt 0.8.7 to C:\Users\Kyle\Documents\github\meteorToDo\node_modules\bcrypt
58 verbose unbuild node_modules\bcrypt
59 silly gentlyRm C:\Users\Kyle\Documents\github\meteorToDo\node_modules\bcrypt is being purged from base C:\Users\Kyle\Documents\github\meteorToDo
60 verbose gentlyRm don't care about contents; nuking C:\Users\Kyle\Documents\github\meteorToDo\node_modules\bcrypt
61 verbose tar unpack C:\Users\Kyle\AppData\Roaming\npm-cache\bcrypt\0.8.7\package.tgz
62 verbose tar unpacking to C:\Users\Kyle\Documents\github\meteorToDo\node_modules\bcrypt
63 silly gentlyRm C:\Users\Kyle\Documents\github\meteorToDo\node_modules\bcrypt is being purged
64 verbose gentlyRm don't care about contents; nuking C:\Users\Kyle\Documents\github\meteorToDo\node_modules\bcrypt
65 silly gunzTarPerm modes [ '777', '666' ]
66 silly gunzTarPerm extractEntry package.json
67 silly gunzTarPerm modified mode [ 'package.json', 420, 438 ]
68 silly gunzTarPerm extractEntry .npmignore
69 silly gunzTarPerm modified mode [ '.npmignore', 420, 438 ]
70 silly gunzTarPerm extractEntry README.md
71 silly gunzTarPerm modified mode [ 'README.md', 420, 438 ]
72 silly gunzTarPerm extractEntry LICENSE
73 silly gunzTarPerm modified mode [ 'LICENSE', 420, 438 ]
74 silly gunzTarPerm extractEntry bcrypt.js
75 silly gunzTarPerm modified mode [ 'bcrypt.js', 420, 438 ]
76 silly gunzTarPerm extractEntry Makefile
77 silly gunzTarPerm modified mode [ 'Makefile', 420, 438 ]
78 silly gunzTarPerm extractEntry .travis.yml
79 silly gunzTarPerm modified mode [ '.travis.yml', 420, 438 ]
80 silly gunzTarPerm extractEntry CHANGELOG.md
81 silly gunzTarPerm modified mode [ 'CHANGELOG.md', 420, 438 ]
82 silly gunzTarPerm extractEntry binding.gyp
83 silly gunzTarPerm modified mode [ 'binding.gyp', 420, 438 ]
84 silly gunzTarPerm extractEntry examples/async_compare.js
85 silly gunzTarPerm modified mode [ 'examples/async_compare.js', 420, 438 ]
86 silly gunzTarPerm extractEntry examples/forever_gen_salt.js
87 silly gunzTarPerm modified mode [ 'examples/forever_gen_salt.js', 420, 438 ]
88 silly gunzTarPerm extractEntry test/async.js
89 silly gunzTarPerm modified mode [ 'test/async.js', 420, 438 ]
90 silly gunzTarPerm extractEntry test/repetitions.js
91 silly gunzTarPerm modified mode [ 'test/repetitions.js', 420, 438 ]
92 silly gunzTarPerm extractEntry test/sync.js
93 silly gunzTarPerm modified mode [ 'test/sync.js', 420, 438 ]
94 silly gunzTarPerm extractEntry ISSUE_TEMPLATE.md
95 silly gunzTarPerm modified mode [ 'ISSUE_TEMPLATE.md', 420, 438 ]
96 silly gunzTarPerm extractEntry src/bcrypt.cc
97 silly gunzTarPerm modified mode [ 'src/bcrypt.cc', 420, 438 ]
98 silly gunzTarPerm extractEntry src/bcrypt_node.cc
99 silly gunzTarPerm modified mode [ 'src/bcrypt_node.cc', 420, 438 ]
100 silly gunzTarPerm extractEntry src/blowfish.cc
101 silly gunzTarPerm modified mode [ 'src/blowfish.cc', 420, 438 ]
102 silly gunzTarPerm extractEntry src/node_blf.h
103 silly gunzTarPerm modified mode [ 'src/node_blf.h', 420, 438 ]
104 silly gunzTarPerm extractEntry werker.yml
105 silly gunzTarPerm modified mode [ 'werker.yml', 420, 438 ]
106 verbose write writing to C:\Users\Kyle\Documents\github\meteorToDo\node_modules\bcrypt\package.json
107 info preinstall bcrypt@0.8.7
108 verbose readDependencies loading dependencies from C:\Users\Kyle\Documents\github\meteorToDo\node_modules\bcrypt\package.json
109 silly prepareForInstallMany adding bindings@1.2.1 from bcrypt dependencies
110 silly prepareForInstallMany adding nan@2.3.5 from bcrypt dependencies
111 verbose readDependencies loading dependencies from C:\Users\Kyle\Documents\github\meteorToDo\node_modules\bcrypt\package.json
112 silly cache add args [ 'bindings@1.2.1', null ]
113 verbose cache add spec bindings@1.2.1
114 silly cache add args [ 'nan@2.3.5', null ]
115 verbose cache add spec nan@2.3.5
116 silly cache add parsed spec Result {
116 silly cache add   raw: 'bindings@1.2.1',
116 silly cache add   scope: null,
116 silly cache add   name: 'bindings',
116 silly cache add   rawSpec: '1.2.1',
116 silly cache add   spec: '1.2.1',
116 silly cache add   type: 'version' }
117 silly addNamed bindings@1.2.1
118 verbose addNamed "1.2.1" is a plain semver version for bindings
119 silly mapToRegistry name bindings
120 silly mapToRegistry using default registry
121 silly mapToRegistry registry https://registry.npmjs.org/
122 silly mapToRegistry data Result {
122 silly mapToRegistry   raw: 'bindings',
122 silly mapToRegistry   scope: null,
122 silly mapToRegistry   name: 'bindings',
122 silly mapToRegistry   rawSpec: '',
122 silly mapToRegistry   spec: 'latest',
122 silly mapToRegistry   type: 'tag' }
123 silly mapToRegistry uri https://registry.npmjs.org/bindings
124 verbose addNameVersion registry:https://registry.npmjs.org/bindings not in flight; fetching
125 silly cache add parsed spec Result {
125 silly cache add   raw: 'nan@2.3.5',
125 silly cache add   scope: null,
125 silly cache add   name: 'nan',
125 silly cache add   rawSpec: '2.3.5',
125 silly cache add   spec: '2.3.5',
125 silly cache add   type: 'version' }
126 silly addNamed nan@2.3.5
127 verbose addNamed "2.3.5" is a plain semver version for nan
128 silly mapToRegistry name nan
129 silly mapToRegistry using default registry
130 silly mapToRegistry registry https://registry.npmjs.org/
131 silly mapToRegistry data Result {
131 silly mapToRegistry   raw: 'nan',
131 silly mapToRegistry   scope: null,
131 silly mapToRegistry   name: 'nan',
131 silly mapToRegistry   rawSpec: '',
131 silly mapToRegistry   spec: 'latest',
131 silly mapToRegistry   type: 'tag' }
132 silly mapToRegistry uri https://registry.npmjs.org/nan
133 verbose addNameVersion registry:https://registry.npmjs.org/nan not in flight; fetching
134 verbose request uri https://registry.npmjs.org/bindings
135 verbose request no auth needed
136 info attempt registry request try #1 at 9:00:36 PM
137 http request GET https://registry.npmjs.org/bindings
138 verbose request uri https://registry.npmjs.org/nan
139 verbose request no auth needed
140 info attempt registry request try #1 at 9:00:36 PM
141 http request GET https://registry.npmjs.org/nan
142 http 200 https://registry.npmjs.org/bindings
143 verbose headers { server: 'CouchDB/1.5.0 (Erlang OTP/R16B03)',
143 verbose headers   etag: '"33TX4J3DNTGF7K41ZUV6OA182"',
143 verbose headers   'content-type': 'application/json',
143 verbose headers   'content-encoding': 'gzip',
143 verbose headers   'cache-control': 'max-age=300',
143 verbose headers   'content-length': '3804',
143 verbose headers   'accept-ranges': 'bytes',
143 verbose headers   date: 'Tue, 06 Sep 2016 03:00:32 GMT',
143 verbose headers   via: '1.1 varnish',
143 verbose headers   age: '16',
143 verbose headers   connection: 'keep-alive',
143 verbose headers   'x-served-by': 'cache-den6027-DEN',
143 verbose headers   'x-cache': 'HIT',
143 verbose headers   'x-cache-hits': '1',
143 verbose headers   'x-timer': 'S1473130832.370737,VS0,VE0',
143 verbose headers   vary: 'Accept-Encoding' }
144 silly get cb [ 200,
144 silly get   { server: 'CouchDB/1.5.0 (Erlang OTP/R16B03)',
144 silly get     etag: '"33TX4J3DNTGF7K41ZUV6OA182"',
144 silly get     'content-type': 'application/json',
144 silly get     'content-encoding': 'gzip',
144 silly get     'cache-control': 'max-age=300',
144 silly get     'content-length': '3804',
144 silly get     'accept-ranges': 'bytes',
144 silly get     date: 'Tue, 06 Sep 2016 03:00:32 GMT',
144 silly get     via: '1.1 varnish',
144 silly get     age: '16',
144 silly get     connection: 'keep-alive',
144 silly get     'x-served-by': 'cache-den6027-DEN',
144 silly get     'x-cache': 'HIT',
144 silly get     'x-cache-hits': '1',
144 silly get     'x-timer': 'S1473130832.370737,VS0,VE0',
144 silly get     vary: 'Accept-Encoding' } ]
145 verbose get saving bindings to C:\Users\Kyle\AppData\Roaming\npm-cache\registry.npmjs.org\bindings\.cache.json
146 verbose correctMkdir C:\Users\Kyle\AppData\Roaming\npm-cache correctMkdir not in flight; initializing
147 silly mapToRegistry name bindings
148 silly mapToRegistry using default registry
149 silly mapToRegistry registry https://registry.npmjs.org/
150 silly mapToRegistry data Result {
150 silly mapToRegistry   raw: 'bindings',
150 silly mapToRegistry   scope: null,
150 silly mapToRegistry   name: 'bindings',
150 silly mapToRegistry   rawSpec: '',
150 silly mapToRegistry   spec: 'latest',
150 silly mapToRegistry   type: 'tag' }
151 silly mapToRegistry uri https://registry.npmjs.org/bindings
152 verbose addRemoteTarball https://registry.npmjs.org/bindings/-/bindings-1.2.1.tgz not in flight; adding
153 verbose addRemoteTarball [ 'https://registry.npmjs.org/bindings/-/bindings-1.2.1.tgz',
153 verbose addRemoteTarball   '14ad6113812d2d37d72e67b4cacb4bb726505f11' ]
154 info retry fetch attempt 1 at 9:00:36 PM
155 info attempt registry request try #1 at 9:00:36 PM
156 http fetch GET https://registry.npmjs.org/bindings/-/bindings-1.2.1.tgz
157 http fetch 200 https://registry.npmjs.org/bindings/-/bindings-1.2.1.tgz
158 silly fetchAndShaCheck shasum 14ad6113812d2d37d72e67b4cacb4bb726505f11
159 verbose addTmpTarball C:\Users\Kyle\AppData\Local\Temp\npm-7272-b554336a\registry.npmjs.org\bindings\-\bindings-1.2.1.tgz not in flight; adding
160 verbose addTmpTarball already have metadata; skipping unpack for bindings@1.2.1
161 verbose correctMkdir C:\Users\Kyle\AppData\Roaming\npm-cache correctMkdir not in flight; initializing
162 silly cache afterAdd bindings@1.2.1
163 verbose afterAdd C:\Users\Kyle\AppData\Roaming\npm-cache\bindings\1.2.1\package\package.json not in flight; writing
164 verbose correctMkdir C:\Users\Kyle\AppData\Roaming\npm-cache correctMkdir not in flight; initializing
165 verbose afterAdd C:\Users\Kyle\AppData\Roaming\npm-cache\bindings\1.2.1\package\package.json written
166 http 200 https://registry.npmjs.org/nan
167 verbose headers { server: 'CouchDB/1.5.0 (Erlang OTP/R16B03)',
167 verbose headers   etag: '"1OOZJAUMBQC59OINHZGMRRCSL"',
167 verbose headers   'content-type': 'application/json',
167 verbose headers   'content-encoding': 'gzip',
167 verbose headers   'cache-control': 'max-age=300',
167 verbose headers   'content-length': '17140',
167 verbose headers   'accept-ranges': 'bytes',
167 verbose headers   date: 'Tue, 06 Sep 2016 03:00:32 GMT',
167 verbose headers   via: '1.1 varnish',
167 verbose headers   age: '254',
167 verbose headers   connection: 'keep-alive',
167 verbose headers   'x-served-by': 'cache-den6022-DEN',
167 verbose headers   'x-cache': 'HIT',
167 verbose headers   'x-cache-hits': '2',
167 verbose headers   'x-timer': 'S1473130832.434524,VS0,VE0',
167 verbose headers   vary: 'Accept-Encoding' }
168 silly get cb [ 200,
168 silly get   { server: 'CouchDB/1.5.0 (Erlang OTP/R16B03)',
168 silly get     etag: '"1OOZJAUMBQC59OINHZGMRRCSL"',
168 silly get     'content-type': 'application/json',
168 silly get     'content-encoding': 'gzip',
168 silly get     'cache-control': 'max-age=300',
168 silly get     'content-length': '17140',
168 silly get     'accept-ranges': 'bytes',
168 silly get     date: 'Tue, 06 Sep 2016 03:00:32 GMT',
168 silly get     via: '1.1 varnish',
168 silly get     age: '254',
168 silly get     connection: 'keep-alive',
168 silly get     'x-served-by': 'cache-den6022-DEN',
168 silly get     'x-cache': 'HIT',
168 silly get     'x-cache-hits': '2',
168 silly get     'x-timer': 'S1473130832.434524,VS0,VE0',
168 silly get     vary: 'Accept-Encoding' } ]
169 verbose get saving nan to C:\Users\Kyle\AppData\Roaming\npm-cache\registry.npmjs.org\nan\.cache.json
170 verbose correctMkdir C:\Users\Kyle\AppData\Roaming\npm-cache correctMkdir not in flight; initializing
171 silly mapToRegistry name nan
172 silly mapToRegistry using default registry
173 silly mapToRegistry registry https://registry.npmjs.org/
174 silly mapToRegistry data Result {
174 silly mapToRegistry   raw: 'nan',
174 silly mapToRegistry   scope: null,
174 silly mapToRegistry   name: 'nan',
174 silly mapToRegistry   rawSpec: '',
174 silly mapToRegistry   spec: 'latest',
174 silly mapToRegistry   type: 'tag' }
175 silly mapToRegistry uri https://registry.npmjs.org/nan
176 verbose addRemoteTarball https://registry.npmjs.org/nan/-/nan-2.3.5.tgz not in flight; adding
177 verbose addRemoteTarball [ 'https://registry.npmjs.org/nan/-/nan-2.3.5.tgz',
177 verbose addRemoteTarball   '822a0dc266290ce4cd3a12282ca3e7e364668a08' ]
178 info retry fetch attempt 1 at 9:00:36 PM
179 info attempt registry request try #1 at 9:00:36 PM
180 http fetch GET https://registry.npmjs.org/nan/-/nan-2.3.5.tgz
181 http fetch 200 https://registry.npmjs.org/nan/-/nan-2.3.5.tgz
182 silly fetchAndShaCheck shasum 822a0dc266290ce4cd3a12282ca3e7e364668a08
183 verbose addTmpTarball C:\Users\Kyle\AppData\Local\Temp\npm-7272-b554336a\registry.npmjs.org\nan\-\nan-2.3.5.tgz not in flight; adding
184 verbose addTmpTarball already have metadata; skipping unpack for nan@2.3.5
185 verbose correctMkdir C:\Users\Kyle\AppData\Roaming\npm-cache correctMkdir not in flight; initializing
186 silly cache afterAdd nan@2.3.5
187 verbose afterAdd C:\Users\Kyle\AppData\Roaming\npm-cache\nan\2.3.5\package\package.json not in flight; writing
188 verbose correctMkdir C:\Users\Kyle\AppData\Roaming\npm-cache correctMkdir not in flight; initializing
189 verbose afterAdd C:\Users\Kyle\AppData\Roaming\npm-cache\nan\2.3.5\package\package.json written
190 silly install resolved [ { name: 'bindings',
190 silly install resolved     description: 'Helper module for loading your native module\'s .node file',
190 silly install resolved     keywords: [ 'native', 'addon', 'bindings', 'gyp', 'waf', 'c', 'c++' ],
190 silly install resolved     version: '1.2.1',
190 silly install resolved     author:
190 silly install resolved      { name: 'Nathan Rajlich',
190 silly install resolved        email: 'nathan@tootallnate.net',
190 silly install resolved        url: 'http://tootallnate.net' },
190 silly install resolved     repository:
190 silly install resolved      { type: 'git',
190 silly install resolved        url: 'git://github.com/TooTallNate/node-bindings.git' },
190 silly install resolved     main: './bindings.js',
190 silly install resolved     bugs: { url: 'https://github.com/TooTallNate/node-bindings/issues' },
190 silly install resolved     homepage: 'https://github.com/TooTallNate/node-bindings',
190 silly install resolved     license: 'MIT',
190 silly install resolved     gitHead: 'e404152ee27f8478ccbc7122ee051246e8e5ec02',
190 silly install resolved     _id: 'bindings@1.2.1',
190 silly install resolved     scripts: {},
190 silly install resolved     _shasum: '14ad6113812d2d37d72e67b4cacb4bb726505f11',
190 silly install resolved     _from: 'bindings@1.2.1',
190 silly install resolved     _npmVersion: '1.4.14',
190 silly install resolved     _npmUser: { name: 'tootallnate', email: 'nathan@tootallnate.net' },
190 silly install resolved     maintainers: [ [Object], [Object] ],
190 silly install resolved     dist:
190 silly install resolved      { shasum: '14ad6113812d2d37d72e67b4cacb4bb726505f11',
190 silly install resolved        tarball: 'https://registry.npmjs.org/bindings/-/bindings-1.2.1.tgz' },
190 silly install resolved     directories: {},
190 silly install resolved     _resolved: 'https://registry.npmjs.org/bindings/-/bindings-1.2.1.tgz' },
190 silly install resolved   { name: 'nan',
190 silly install resolved     version: '2.3.5',
190 silly install resolved     description: 'Native Abstractions for Node.js: C++ header for Node 0.8 -> 6 compatibility',
190 silly install resolved     main: 'include_dirs.js',
190 silly install resolved     repository: { type: 'git', url: 'git://github.com/nodejs/nan.git' },
190 silly install resolved     scripts:
190 silly install resolved      { test: 'tap --gc --stderr test/js/*-test.js',
190 silly install resolved        'rebuild-tests': 'node-gyp rebuild --msvs_version=2013 --directory test',
190 silly install resolved        docs: 'doc/.build.sh' },
190 silly install resolved     contributors:
190 silly install resolved      [ [Object],
190 silly install resolved        [Object],
190 silly install resolved        [Object],
190 silly install resolved        [Object],
190 silly install resolved        [Object],
190 silly install resolved        [Object],
190 silly install resolved        [Object] ],
190 silly install resolved     devDependencies:
190 silly install resolved      { bindings: '~1.2.1',
190 silly install resolved        commander: '^2.8.1',
190 silly install resolved        glob: '^5.0.14',
190 silly install resolved        'node-gyp': '~3.0.1',
190 silly install resolved        tap: '~0.7.1',
190 silly install resolved        xtend: '~4.0.0' },
190 silly install resolved     license: 'MIT',
190 silly install resolved     bugs: { url: 'https://github.com/nodejs/nan/issues' },
190 silly install resolved     homepage: 'https://github.com/nodejs/nan#readme',
190 silly install resolved     _id: 'nan@2.3.5',
190 silly install resolved     _shasum: '822a0dc266290ce4cd3a12282ca3e7e364668a08',
190 silly install resolved     _resolved: 'https://registry.npmjs.org/nan/-/nan-2.3.5.tgz',
190 silly install resolved     _from: 'nan@2.3.5',
190 silly install resolved     _npmVersion: '3.3.6',
190 silly install resolved     _nodeVersion: '5.0.0',
190 silly install resolved     _npmUser: { name: 'kkoopa', email: 'bbyholm@abo.fi' },
190 silly install resolved     dist:
190 silly install resolved      { shasum: '822a0dc266290ce4cd3a12282ca3e7e364668a08',
190 silly install resolved        tarball: 'https://registry.npmjs.org/nan/-/nan-2.3.5.tgz' },
190 silly install resolved     maintainers: [ [Object], [Object] ],
190 silly install resolved     _npmOperationalInternal:
190 silly install resolved      { host: 'packages-12-west.internal.npmjs.com',
190 silly install resolved        tmp: 'tmp/nan-2.3.5.tgz_1464707164994_0.4295874561648816' },
190 silly install resolved     directories: {} } ]
191 info install bindings@1.2.1 into C:\Users\Kyle\Documents\github\meteorToDo\node_modules\bcrypt
192 info install nan@2.3.5 into C:\Users\Kyle\Documents\github\meteorToDo\node_modules\bcrypt
193 info installOne bindings@1.2.1
194 verbose installOne of bindings to C:\Users\Kyle\Documents\github\meteorToDo\node_modules\bcrypt not in flight; installing
195 verbose correctMkdir C:\Users\Kyle\AppData\Roaming\npm-cache\_locks correctMkdir not in flight; initializing
196 info installOne nan@2.3.5
197 verbose installOne of nan to C:\Users\Kyle\Documents\github\meteorToDo\node_modules\bcrypt not in flight; installing
198 verbose correctMkdir C:\Users\Kyle\AppData\Roaming\npm-cache\_locks correctMkdir not in flight; initializing
199 verbose lock using C:\Users\Kyle\AppData\Roaming\npm-cache\_locks\bindings-ab3228d6d7f42a6d.lock for C:\Users\Kyle\Documents\github\meteorToDo\node_modules\bcrypt\node_modules\bindings
200 verbose lock using C:\Users\Kyle\AppData\Roaming\npm-cache\_locks\nan-c094449645978928.lock for C:\Users\Kyle\Documents\github\meteorToDo\node_modules\bcrypt\node_modules\nan
201 silly install write writing bindings 1.2.1 to C:\Users\Kyle\Documents\github\meteorToDo\node_modules\bcrypt\node_modules\bindings
202 silly install write writing nan 2.3.5 to C:\Users\Kyle\Documents\github\meteorToDo\node_modules\bcrypt\node_modules\nan
203 verbose unbuild node_modules\bcrypt\node_modules\bindings
204 verbose unbuild node_modules\bcrypt\node_modules\nan
205 silly gentlyRm C:\Users\Kyle\Documents\github\meteorToDo\node_modules\bcrypt\node_modules\bindings is being purged from base C:\Users\Kyle\Documents\github\meteorToDo
206 verbose gentlyRm don't care about contents; nuking C:\Users\Kyle\Documents\github\meteorToDo\node_modules\bcrypt\node_modules\bindings
207 silly gentlyRm C:\Users\Kyle\Documents\github\meteorToDo\node_modules\bcrypt\node_modules\nan is being purged from base C:\Users\Kyle\Documents\github\meteorToDo
208 verbose gentlyRm don't care about contents; nuking C:\Users\Kyle\Documents\github\meteorToDo\node_modules\bcrypt\node_modules\nan
209 verbose tar unpack C:\Users\Kyle\AppData\Roaming\npm-cache\bindings\1.2.1\package.tgz
210 verbose tar unpacking to C:\Users\Kyle\Documents\github\meteorToDo\node_modules\bcrypt\node_modules\bindings
211 silly gentlyRm C:\Users\Kyle\Documents\github\meteorToDo\node_modules\bcrypt\node_modules\bindings is being purged
212 verbose gentlyRm don't care about contents; nuking C:\Users\Kyle\Documents\github\meteorToDo\node_modules\bcrypt\node_modules\bindings
213 verbose tar unpack C:\Users\Kyle\AppData\Roaming\npm-cache\nan\2.3.5\package.tgz
214 verbose tar unpacking to C:\Users\Kyle\Documents\github\meteorToDo\node_modules\bcrypt\node_modules\nan
215 silly gentlyRm C:\Users\Kyle\Documents\github\meteorToDo\node_modules\bcrypt\node_modules\nan is being purged
216 verbose gentlyRm don't care about contents; nuking C:\Users\Kyle\Documents\github\meteorToDo\node_modules\bcrypt\node_modules\nan
217 silly gunzTarPerm modes [ '777', '666' ]
218 silly gunzTarPerm modes [ '777', '666' ]
219 silly gunzTarPerm extractEntry package.json
220 silly gunzTarPerm modified mode [ 'package.json', 420, 438 ]
221 silly gunzTarPerm extractEntry package.json
222 silly gunzTarPerm modified mode [ 'package.json', 436, 438 ]
223 silly gunzTarPerm extractEntry README.md
224 silly gunzTarPerm modified mode [ 'README.md', 420, 438 ]
225 silly gunzTarPerm extractEntry bindings.js
226 silly gunzTarPerm modified mode [ 'bindings.js', 420, 438 ]
227 silly gunzTarPerm extractEntry README.md
228 silly gunzTarPerm modified mode [ 'README.md', 436, 438 ]
229 silly gunzTarPerm extractEntry include_dirs.js
230 silly gunzTarPerm modified mode [ 'include_dirs.js', 436, 438 ]
231 silly gunzTarPerm extractEntry nan_converters.h
232 silly gunzTarPerm modified mode [ 'nan_converters.h', 436, 438 ]
233 silly gunzTarPerm extractEntry LICENSE.md
234 silly gunzTarPerm modified mode [ 'LICENSE.md', 436, 438 ]
235 silly gunzTarPerm extractEntry doc/node_misc.md
236 silly gunzTarPerm modified mode [ 'doc/node_misc.md', 436, 438 ]
237 silly gunzTarPerm extractEntry doc/asyncworker.md
238 silly gunzTarPerm modified mode [ 'doc/asyncworker.md', 436, 438 ]
239 silly gunzTarPerm extractEntry doc/callback.md
240 silly gunzTarPerm modified mode [ 'doc/callback.md', 436, 438 ]
241 silly gunzTarPerm extractEntry doc/converters.md
242 silly gunzTarPerm modified mode [ 'doc/converters.md', 436, 438 ]
243 verbose write writing to C:\Users\Kyle\Documents\github\meteorToDo\node_modules\bcrypt\node_modules\bindings\package.json
244 silly gunzTarPerm extractEntry doc/errors.md
245 silly gunzTarPerm modified mode [ 'doc/errors.md', 436, 438 ]
246 silly gunzTarPerm extractEntry doc/maybe_types.md
247 silly gunzTarPerm modified mode [ 'doc/maybe_types.md', 436, 438 ]
248 info preinstall bindings@1.2.1
249 verbose readDependencies loading dependencies from C:\Users\Kyle\Documents\github\meteorToDo\node_modules\bcrypt\node_modules\bindings\package.json
250 silly gunzTarPerm extractEntry doc/methods.md
251 silly gunzTarPerm modified mode [ 'doc/methods.md', 436, 438 ]
252 silly gunzTarPerm extractEntry doc/new.md
253 silly gunzTarPerm modified mode [ 'doc/new.md', 436, 438 ]
254 verbose readDependencies loading dependencies from C:\Users\Kyle\Documents\github\meteorToDo\node_modules\bcrypt\node_modules\bindings\package.json
255 silly gunzTarPerm extractEntry doc/buffers.md
256 silly gunzTarPerm modified mode [ 'doc/buffers.md', 436, 438 ]
257 silly gunzTarPerm extractEntry doc/object_wrappers.md
258 silly gunzTarPerm modified mode [ 'doc/object_wrappers.md', 436, 438 ]
259 silly install resolved []
260 verbose about to build C:\Users\Kyle\Documents\github\meteorToDo\node_modules\bcrypt\node_modules\bindings
261 info build C:\Users\Kyle\Documents\github\meteorToDo\node_modules\bcrypt\node_modules\bindings
262 silly gunzTarPerm extractEntry doc/persistent.md
263 silly gunzTarPerm modified mode [ 'doc/persistent.md', 436, 438 ]
264 silly gunzTarPerm extractEntry doc/scopes.md
265 silly gunzTarPerm modified mode [ 'doc/scopes.md', 436, 438 ]
266 info linkStuff bindings@1.2.1
267 silly linkStuff bindings@1.2.1 has C:\Users\Kyle\Documents\github\meteorToDo\node_modules\bcrypt\node_modules as its parent node_modules
268 silly gunzTarPerm extractEntry doc/script.md
269 silly gunzTarPerm modified mode [ 'doc/script.md', 436, 438 ]
270 silly gunzTarPerm extractEntry doc/string_bytes.md
271 silly gunzTarPerm modified mode [ 'doc/string_bytes.md', 436, 438 ]
272 verbose linkBins bindings@1.2.1
273 verbose linkMans bindings@1.2.1
274 verbose rebuildBundles bindings@1.2.1
275 info install bindings@1.2.1
276 silly gunzTarPerm extractEntry doc/v8_internals.md
277 silly gunzTarPerm modified mode [ 'doc/v8_internals.md', 436, 438 ]
278 silly gunzTarPerm extractEntry doc/v8_misc.md
279 silly gunzTarPerm modified mode [ 'doc/v8_misc.md', 436, 438 ]
280 info postinstall bindings@1.2.1
281 verbose unlock done using C:\Users\Kyle\AppData\Roaming\npm-cache\_locks\bindings-ab3228d6d7f42a6d.lock for C:\Users\Kyle\Documents\github\meteorToDo\node_modules\bcrypt\node_modules\bindings
282 silly gunzTarPerm extractEntry nan.h
283 silly gunzTarPerm modified mode [ 'nan.h', 436, 438 ]
284 silly gunzTarPerm extractEntry nan_callbacks.h
285 silly gunzTarPerm modified mode [ 'nan_callbacks.h', 436, 438 ]
286 silly gunzTarPerm extractEntry nan_callbacks_12_inl.h
287 silly gunzTarPerm modified mode [ 'nan_callbacks_12_inl.h', 436, 438 ]
288 silly gunzTarPerm extractEntry nan_callbacks_pre_12_inl.h
289 silly gunzTarPerm modified mode [ 'nan_callbacks_pre_12_inl.h', 436, 438 ]
290 silly gunzTarPerm extractEntry nan_converters_43_inl.h
291 silly gunzTarPerm modified mode [ 'nan_converters_43_inl.h', 436, 438 ]
292 silly gunzTarPerm extractEntry nan_converters_pre_43_inl.h
293 silly gunzTarPerm modified mode [ 'nan_converters_pre_43_inl.h', 436, 438 ]
294 silly gunzTarPerm extractEntry nan_implementation_12_inl.h
295 silly gunzTarPerm modified mode [ 'nan_implementation_12_inl.h', 436, 438 ]
296 silly gunzTarPerm extractEntry nan_implementation_pre_12_inl.h
297 silly gunzTarPerm modified mode [ 'nan_implementation_pre_12_inl.h', 436, 438 ]
298 silly gunzTarPerm extractEntry nan_maybe_43_inl.h
299 silly gunzTarPerm modified mode [ 'nan_maybe_43_inl.h', 436, 438 ]
300 silly gunzTarPerm extractEntry nan_maybe_pre_43_inl.h
301 silly gunzTarPerm modified mode [ 'nan_maybe_pre_43_inl.h', 436, 438 ]
302 silly gunzTarPerm extractEntry nan_new.h
303 silly gunzTarPerm modified mode [ 'nan_new.h', 436, 438 ]
304 silly gunzTarPerm extractEntry nan_object_wrap.h
305 silly gunzTarPerm modified mode [ 'nan_object_wrap.h', 436, 438 ]
306 silly gunzTarPerm extractEntry nan_persistent_12_inl.h
307 silly gunzTarPerm modified mode [ 'nan_persistent_12_inl.h', 436, 438 ]
308 silly gunzTarPerm extractEntry nan_persistent_pre_12_inl.h
309 silly gunzTarPerm modified mode [ 'nan_persistent_pre_12_inl.h', 436, 438 ]
310 silly gunzTarPerm extractEntry nan_string_bytes.h
311 silly gunzTarPerm modified mode [ 'nan_string_bytes.h', 436, 438 ]
312 silly gunzTarPerm extractEntry nan_typedarray_contents.h
313 silly gunzTarPerm modified mode [ 'nan_typedarray_contents.h', 436, 438 ]
314 silly gunzTarPerm extractEntry nan_weak.h
315 silly gunzTarPerm modified mode [ 'nan_weak.h', 436, 438 ]
316 silly gunzTarPerm extractEntry CHANGELOG.md
317 silly gunzTarPerm modified mode [ 'CHANGELOG.md', 436, 438 ]
318 silly gunzTarPerm extractEntry tools/package.json
319 silly gunzTarPerm modified mode [ 'tools/package.json', 436, 438 ]
320 silly gunzTarPerm extractEntry tools/README.md
321 silly gunzTarPerm modified mode [ 'tools/README.md', 436, 438 ]
322 silly gunzTarPerm extractEntry tools/1to2.js
323 silly gunzTarPerm modified mode [ 'tools/1to2.js', 509, 511 ]
324 verbose write writing to C:\Users\Kyle\Documents\github\meteorToDo\node_modules\bcrypt\node_modules\nan\package.json
325 info preinstall nan@2.3.5
326 verbose readDependencies loading dependencies from C:\Users\Kyle\Documents\github\meteorToDo\node_modules\bcrypt\node_modules\nan\package.json
327 verbose readDependencies loading dependencies from C:\Users\Kyle\Documents\github\meteorToDo\node_modules\bcrypt\node_modules\nan\package.json
328 silly install resolved []
329 verbose about to build C:\Users\Kyle\Documents\github\meteorToDo\node_modules\bcrypt\node_modules\nan
330 info build C:\Users\Kyle\Documents\github\meteorToDo\node_modules\bcrypt\node_modules\nan
331 info linkStuff nan@2.3.5
332 silly linkStuff nan@2.3.5 has C:\Users\Kyle\Documents\github\meteorToDo\node_modules\bcrypt\node_modules as its parent node_modules
333 verbose linkBins nan@2.3.5
334 verbose linkMans nan@2.3.5
335 verbose rebuildBundles nan@2.3.5
336 info install nan@2.3.5
337 info postinstall nan@2.3.5
338 verbose unlock done using C:\Users\Kyle\AppData\Roaming\npm-cache\_locks\nan-c094449645978928.lock for C:\Users\Kyle\Documents\github\meteorToDo\node_modules\bcrypt\node_modules\nan
339 verbose about to build C:\Users\Kyle\Documents\github\meteorToDo\node_modules\bcrypt
340 info build C:\Users\Kyle\Documents\github\meteorToDo\node_modules\bcrypt
341 info linkStuff bcrypt@0.8.7
342 silly linkStuff bcrypt@0.8.7 has C:\Users\Kyle\Documents\github\meteorToDo\node_modules as its parent node_modules
343 verbose linkBins bcrypt@0.8.7
344 verbose linkMans bcrypt@0.8.7
345 verbose rebuildBundles bcrypt@0.8.7
346 verbose rebuildBundles [ 'bindings', 'nan' ]
347 info install bcrypt@0.8.7
348 verbose unsafe-perm in lifecycle true
349 info bcrypt@0.8.7 Failed to exec install script
350 verbose unlock done using C:\Users\Kyle\AppData\Roaming\npm-cache\_locks\bcrypt-a5c93a3a127c8151.lock for C:\Users\Kyle\Documents\github\meteorToDo\node_modules\bcrypt
351 verbose stack Error: bcrypt@0.8.7 install: `node-gyp rebuild`
351 verbose stack Exit status 1
351 verbose stack     at EventEmitter.<anonymous> (C:\Program Files\nodejs\node_modules\npm\lib\utils\lifecycle.js:217:16)
351 verbose stack     at emitTwo (events.js:87:13)
351 verbose stack     at EventEmitter.emit (events.js:172:7)
351 verbose stack     at ChildProcess.<anonymous> (C:\Program Files\nodejs\node_modules\npm\lib\utils\spawn.js:24:14)
351 verbose stack     at emitTwo (events.js:87:13)
351 verbose stack     at ChildProcess.emit (events.js:172:7)
351 verbose stack     at maybeClose (internal/child_process.js:827:16)
351 verbose stack     at Process.ChildProcess._handle.onexit (internal/child_process.js:211:5)
352 verbose pkgid bcrypt@0.8.7
353 verbose cwd C:\Users\Kyle\Documents\github\meteorToDo
354 error Windows_NT 6.3.9600
355 error argv "C:\\Program Files\\nodejs\\node.exe" "C:\\Program Files\\nodejs\\node_modules\\npm\\bin\\npm-cli.js" "install" "--save" "bcrypt"
356 error node v4.4.7
357 error npm  v2.15.8
358 error code ELIFECYCLE
359 error bcrypt@0.8.7 install: `node-gyp rebuild`
359 error Exit status 1
360 error Failed at the bcrypt@0.8.7 install script 'node-gyp rebuild'.
360 error This is most likely a problem with the bcrypt package,
360 error not with npm itself.
360 error Tell the author that this fails on your system:
360 error     node-gyp rebuild
360 error You can get information on how to open an issue for this project with:
360 error     npm bugs bcrypt
360 error Or if that isn't available, you can get their info via:
360 error
360 error     npm owner ls bcrypt
360 error There is likely additional logging output above.
361 verbose exit [ 1, true ]
362 verbose unbuild node_modules\bcrypt
363 info preuninstall bcrypt@0.8.7
364 info uninstall bcrypt@0.8.7
365 verbose unbuild rmStuff bcrypt@0.8.7 from C:\Users\Kyle\Documents\github\meteorToDo\node_modules
366 info postuninstall bcrypt@0.8.7
367 silly gentlyRm C:\Users\Kyle\Documents\github\meteorToDo\node_modules\bcrypt is being purged from base C:\Users\Kyle\Documents\github\meteorToDo
368 verbose gentlyRm don't care about contents; nuking C:\Users\Kyle\Documents\github\meteorToDo\node_modules\bcrypt
369 silly vacuum-fs purging C:\Users\Kyle\Documents\github\meteorToDo\node_modules\bcrypt
370 silly vacuum-fs quitting because other entries in C:\Users\Kyle\Documents\github\meteorToDo\node_modules
